#
# There is insufficient memory for the Java Runtime Environment to continue.
# Native memory allocation (mmap) failed to map 172032 bytes for card table expansion
# Possible reasons:
#   The system is out of physical RAM or swap space
#   In 32 bit mode, the process size limit was hit
# Possible solutions:
#   Reduce memory load on the system
#   Increase physical memory or swap space
#   Check if swap backing store is full
#   Use 64 bit Java on a 64 bit OS
#   Decrease Java heap size (-Xmx/-Xms)
#   Decrease number of Java threads
#   Decrease Java thread stack sizes (-Xss)
#   Set larger code cache with -XX:ReservedCodeCacheSize=
# This output file may be truncated or incomplete.
#
#  Out of Memory Error (os_windows.cpp:3331), pid=12112, tid=0x0000000000002f64
#
# JRE version:  (8.0_131-b11) (build )
# Java VM: Java HotSpot(TM) 64-Bit Server VM (25.131-b11 mixed mode windows-amd64 compressed oops)
# Failed to write core dump. Minidumps are not enabled by default on client versions of Windows
#

---------------  T H R E A D  ---------------

Current thread (0x0000000002468000):  JavaThread "Unknown thread" [_thread_in_vm, id=12132, stack(0x0000000002890000,0x0000000002990000)]

Stack: [0x0000000002890000,0x0000000002990000]
[error occurred during error reporting (printing stack bounds), id 0xc0000005]

Native frames: (J=compiled Java code, j=interpreted, Vv=VM code, C=native code)


---------------  P R O C E S S  ---------------

Java Threads: ( => current thread )

Other Threads:

=>0x0000000002468000 (exited) JavaThread "Unknown thread" [_thread_in_vm, id=12132, stack(0x0000000002890000,0x0000000002990000)]

VM state:not at safepoint (not fully initialized)

VM Mutex/Monitor currently owned by a thread: None

GC Heap History (0 events):
No events

Deoptimization events (0 events):
No events

Internal exceptions (0 events):
No events

Events (0 events):
No events


Dynamic libraries:
0x000000013fd10000 - 0x000000013fd47000 	D:\Program Files\Java\jdk1.8.0_131\bin\java.exe
0x0000000076ff0000 - 0x000000007718f000 	C:\Windows\SYSTEM32\ntdll.dll
0x0000000076ed0000 - 0x0000000076fef000 	C:\Windows\system32\kernel32.dll
0x000007fefcdc0000 - 0x000007fefce27000 	C:\Windows\system32\KERNELBASE.dll
0x000007fefef20000 - 0x000007fefeffb000 	C:\Windows\system32\ADVAPI32.dll
0x000007fefdb60000 - 0x000007fefdbff000 	C:\Windows\system32\msvcrt.dll
0x000007fefdb40000 - 0x000007fefdb5f000 	C:\Windows\SYSTEM32\sechost.dll
0x000007fefde80000 - 0x000007fefdfac000 	C:\Windows\system32\RPCRT4.dll
0x0000000076dd0000 - 0x0000000076ecb000 	C:\Windows\system32\USER32.dll
0x000007fefd080000 - 0x000007fefd0e7000 	C:\Windows\system32\GDI32.dll
0x000007fefddf0000 - 0x000007fefddfe000 	C:\Windows\system32\LPK.dll
0x000007fefcf00000 - 0x000007fefcfcb000 	C:\Windows\system32\USP10.dll
0x000007fefb6c0000 - 0x000007fefb8b5000 	C:\Windows\WinSxS\amd64_microsoft.windows.common-controls_6595b64144ccf1df_6.0.7601.24483_none_e372d88f30fbb845\COMCTL32.dll
0x000007fefde00000 - 0x000007fefde71000 	C:\Windows\system32\SHLWAPI.dll
0x000007fefd050000 - 0x000007fefd07e000 	C:\Windows\system32\IMM32.DLL
0x000007fefdce0000 - 0x000007fefddeb000 	C:\Windows\system32\MSCTF.dll
0x0000000064720000 - 0x00000000647f2000 	D:\Program Files\Java\jdk1.8.0_131\jre\bin\msvcr100.dll
0x0000000061830000 - 0x00000000620cc000 	D:\Program Files\Java\jdk1.8.0_131\jre\bin\server\jvm.dll
0x000007fee55e0000 - 0x000007fee55e9000 	C:\Windows\system32\WSOCK32.dll
0x000007fefd1f0000 - 0x000007fefd23d000 	C:\Windows\system32\WS2_32.dll
0x000007feff2d0000 - 0x000007feff2d8000 	C:\Windows\system32\NSI.dll
0x000007fefa410000 - 0x000007fefa44b000 	C:\Windows\system32\WINMM.dll
0x000007fefbbb0000 - 0x000007fefbbbc000 	C:\Windows\system32\VERSION.dll
0x00000000771a0000 - 0x00000000771a7000 	C:\Windows\system32\PSAPI.DLL
0x000000006f680000 - 0x000000006f68f000 	D:\Program Files\Java\jdk1.8.0_131\jre\bin\verify.dll
0x0000000064a40000 - 0x0000000064a69000 	D:\Program Files\Java\jdk1.8.0_131\jre\bin\java.dll
0x00000000663e0000 - 0x00000000663f6000 	D:\Program Files\Java\jdk1.8.0_131\jre\bin\zip.dll

VM Arguments:
java_command: E:/pf-language-server.jar
java_class_path (initial): E:/pf-language-server.jar
Launcher Type: SUN_STANDARD

Environment Variables:
JAVA_HOME=D:\Program Files\Java\jdk8
CLASSPATH=.;D:\Program Files\Java\jdk8\lib;D:\Program Files\Java\jdk8\lib\tools.jar
PATH=D:/Program Files/Java/jdk8/bin/../jre/bin/server;D:/Program Files/Java/jdk8/bin/../jre/bin;D:/Program Files/Java/jdk8/bin/../jre/lib/amd64;D:\Program Files\npm;D:\Program Files\NetSarang\Xshell 6\;D:\Program Files\NetSarang\Xftp 6\;D:\Program Files\Java\jdk8\bin;D:\Program Files\Java\jdk8\jre\bin;C:\ProgramData\Oracle\Java\javapath;D:\Program Files\python\Python27;D:\Program Files\python\Python27\Scripts;D:\ProgramData\Anaconda3;D:\ProgramData\Anaconda3\Library\mingw-w64\bin;D:\ProgramData\Anaconda3\Library\usr\bin;D:\ProgramData\Anaconda3\Library\bin;D:\ProgramData\Anaconda3\Scripts;D:\Program Files\mysql-5.7.18-winx64\bin;C:\Windows\system32;C:\Windows;C:\Windows\System32\Wbem;C:\Windows\System32\WindowsPowerShell\v1.0\;D:\Program Files\apache-maven-3.6.3\bin;D:\Program Files\fossil-w64-2.10;C:\ProgramData\chocolatey\bin;C:\Users\zmy\.gradle\wrapper\dists\gradle-3.3-bin\64bhckfm0iuu9gap9hg3r7ev2\gradle-3.3\bin;E:\gumtree-2.1.3-SNAPSHOT\bin;C:\Users\zmy\.windows-build-tools\python27\;C:\Users\zmy\AppData\Local\GitHubDesktop\bin;C:\Users\zmy\AppData\Roaming\nvm;D:\Program Files\nodejs;D:\Program Files\eclipse\java-2018-12\eclipse;
USERNAME=zmy
OS=Windows_NT
PROCESSOR_IDENTIFIER=Intel64 Family 6 Model 61 Stepping 4, GenuineIntel



---------------  S Y S T E M  ---------------

OS: Windows 7 , 64 bit Build 7601 (6.1.7601.24545)

CPU:total 4 (initial active 4) (2 cores per cpu, 2 threads per core) family 6 model 61 stepping 4, cmov, cx8, fxsr, mmx, sse, sse2, sse3, ssse3, sse4.1, sse4.2, popcnt, avx, avx2, aes, clmul, erms, 3dnowpref, lzcnt, ht, tsc, tscinvbit, bmi1, bmi2, adx

Memory: 4k page, physical 8116408k(495168k free), swap 21618188k(5004k free)

vm_info: Java HotSpot(TM) 64-Bit Server VM (25.131-b11) for windows-amd64 JRE (1.8.0_131-b11), built on Mar 15 2017 01:23:53 by "java_re" with MS VC++ 10.0 (VS2010)

time: Tue Feb 11 13:45:13 2020
elapsed time: 0 seconds (0d 0h 0m 0s)

