#
# A fatal error has been detected by the Java Runtime Environment:
#
#  Internal Error (javaCalls.cpp:51), pid=7792, tid=0x0000000000001e20
#  guarantee(thread->is_Java_thread()) failed: crucial check - the VM thread cannot and must not escape to Java code
#
# JRE version: Java(TM) SE Runtime Environment (8.0_131-b11) (build 1.8.0_131-b11)
# Java VM: Java HotSpot(TM) 64-Bit Server VM (25.131-b11 mixed mode windows-amd64 compressed oops)
# Failed to write core dump. Minidumps are not enabled by default on client versions of Windows
#
# If you would like to submit a bug report, please visit:
#   http://bugreport.java.com/bugreport/crash.jsp
#

---------------  T H R E A D  ---------------

Current thread (0x0000000057731000):  VMThread [stack: 0x0000000058940000,0x0000000058a40000] [id=7712]

Stack: [0x0000000058940000,0x0000000058a40000]
[error occurred during error reporting (printing stack bounds), id 0xc0000005]

Native frames: (J=compiled Java code, j=interpreted, Vv=VM code, C=native code)

VM_Operation (0x00000000597af8f0): GetOrSetLocal, mode: safepoint, requested by thread 0x0000000058cd1000


---------------  P R O C E S S  ---------------

Java Threads: ( => current thread )
  0x00000000639b2800 JavaThread "Thread-6" daemon [_thread_in_native, id=7556, stack(0x000000005f6d0000,0x000000005f7d0000)]
  0x00000000639b2000 JavaThread "JGit-WorkQueue" daemon [_thread_blocked, id=7284, stack(0x0000000067760000,0x0000000067860000)]
  0x00000000639b1000 JavaThread "WebSocket background processing" daemon [_thread_blocked, id=7904, stack(0x000000005cc70000,0x000000005cd70000)]
  0x00000000639b0800 JavaThread "DestroyJavaVM" [_thread_blocked, id=7696, stack(0x0000000002820000,0x0000000002920000)]
  0x00000000639af800 JavaThread "http-nio-8080-AsyncTimeout" daemon [_thread_blocked, id=7324, stack(0x0000000067ac0000,0x0000000067bc0000)]
  0x0000000062251000 JavaThread "http-nio-8080-Acceptor-0" daemon [_thread_in_native, id=7136, stack(0x0000000067880000,0x0000000067980000)]
  0x0000000062250000 JavaThread "http-nio-8080-ClientPoller-1" daemon [_thread_in_native, id=5564, stack(0x0000000066f20000,0x0000000067020000)]
  0x000000006224f800 JavaThread "http-nio-8080-ClientPoller-0" daemon [_thread_in_native, id=5232, stack(0x0000000067620000,0x0000000067720000)]
  0x000000006224e800 JavaThread "http-nio-8080-exec-10" daemon [_thread_blocked, id=5288, stack(0x00000000674b0000,0x00000000675b0000)]
  0x000000006224e000 JavaThread "http-nio-8080-exec-9" daemon [_thread_blocked, id=5636, stack(0x00000000672f0000,0x00000000673f0000)]
  0x000000006224d000 JavaThread "http-nio-8080-exec-8" daemon [_thread_blocked, id=7032, stack(0x0000000067170000,0x0000000067270000)]
  0x000000006224c800 JavaThread "http-nio-8080-exec-7" daemon [_thread_blocked, id=3512, stack(0x0000000067030000,0x0000000067130000)]
  0x0000000063a28800 JavaThread "http-nio-8080-exec-6" daemon [_thread_blocked, id=7260, stack(0x0000000066dd0000,0x0000000066ed0000)]
  0x0000000063c73000 JavaThread "http-nio-8080-exec-5" daemon [_thread_blocked, id=7304, stack(0x0000000066c40000,0x0000000066d40000)]
  0x000000005c564800 JavaThread "http-nio-8080-exec-4" daemon [_thread_blocked, id=7816, stack(0x0000000066b00000,0x0000000066c00000)]
  0x000000005add0000 JavaThread "http-nio-8080-exec-3" daemon [_thread_blocked, id=7052, stack(0x0000000066600000,0x0000000066700000)]
  0x000000005b4be800 JavaThread "http-nio-8080-exec-2" daemon [_thread_blocked, id=6660, stack(0x0000000064fd0000,0x00000000650d0000)]
  0x0000000062150800 JavaThread "http-nio-8080-exec-1" daemon [_thread_blocked, id=6396, stack(0x00000000668f0000,0x00000000669f0000)]
  0x00000000646ed800 JavaThread "NioBlockingSelector.BlockPoller-1" daemon [_thread_in_native, id=7824, stack(0x000000005f340000,0x000000005f440000)]
  0x000000005a2f0000 JavaThread "container-0" [_thread_blocked, id=8072, stack(0x0000000066730000,0x0000000066830000)]
  0x000000005e077800 JavaThread "ContainerBackgroundProcessor[StandardEngine[Tomcat]]" daemon [_thread_blocked, id=5736, stack(0x0000000062670000,0x0000000062770000)]
  0x000000005a01c000 JavaThread "Service Thread" daemon [_thread_blocked, id=6768, stack(0x00000000592c0000,0x00000000593c0000)]
  0x0000000059fa5800 JavaThread "C1 CompilerThread2" daemon [_thread_blocked, id=7920, stack(0x000000005a6e0000,0x000000005a7e0000)]
  0x0000000059fa4000 JavaThread "C2 CompilerThread1" daemon [_thread_blocked, id=6672, stack(0x000000005a550000,0x000000005a650000)]
  0x0000000059f96000 JavaThread "C2 CompilerThread0" daemon [_thread_blocked, id=4212, stack(0x000000005a450000,0x000000005a550000)]
  0x0000000058ce1000 JavaThread "JDWP Command Reader" daemon [_thread_in_native, id=7736, stack(0x0000000059b50000,0x0000000059c50000)]
  0x0000000058cde000 JavaThread "JDWP Event Helper Thread" daemon [_thread_blocked, id=4776, stack(0x0000000059890000,0x0000000059990000)]
  0x0000000058cd1000 JavaThread "JDWP Transport Listener: dt_socket" daemon [_thread_blocked, id=7128, stack(0x00000000596b0000,0x00000000597b0000)]
  0x000000005779f800 JavaThread "Attach Listener" daemon [_thread_blocked, id=7732, stack(0x00000000593f0000,0x00000000594f0000)]
  0x0000000057797000 JavaThread "Signal Dispatcher" daemon [_thread_blocked, id=7720, stack(0x00000000591a0000,0x00000000592a0000)]
  0x0000000057780000 JavaThread "Finalizer" daemon [_thread_blocked, id=7148, stack(0x0000000058ba0000,0x0000000058ca0000)]
  0x0000000057739000 JavaThread "Reference Handler" daemon [_thread_blocked, id=5776, stack(0x0000000058790000,0x0000000058890000)]

Other Threads:
=>0x0000000057731000 VMThread [stack: 0x0000000058940000,0x0000000058a40000] [id=7712]
  0x0000000059f97800 WatcherThread [stack: 0x0000000058a80000,0x0000000058b80000] [id=5208]

VM state:at safepoint (normal execution)

VM Mutex/Monitor currently owned by a thread:  ([mutex/lock_event])
[0x0000000002529600] Threads_lock - owner thread: 0x0000000057731000

Heap:
 PSYoungGen      total 425472K, used 55926K [0x00000000d6b80000, 0x00000000f3580000, 0x0000000100000000)
  eden space 413184K, 13% used [0x00000000d6b80000,0x00000000da21db38,0x00000000eff00000)
  from space 12288K, 0% used [0x00000000f0c00000,0x00000000f0c00000,0x00000000f1800000)
  to   space 13312K, 0% used [0x00000000eff00000,0x00000000eff00000,0x00000000f0c00000)
 ParOldGen       total 64000K, used 15315K [0x0000000084200000, 0x0000000088080000, 0x00000000d6b80000)
  object space 64000K, 23% used [0x0000000084200000,0x00000000850f4c88,0x0000000088080000)
 Metaspace       used 35775K, capacity 36290K, committed 36568K, reserved 1081344K
  class space    used 4241K, capacity 4368K, committed 4480K, reserved 1048576K

Card table byte_map: [0x0000000011eb0000,0x0000000012290000] byte_map_base: 0x0000000011a8f000

Marking Bits: (ParMarkBitMap*) 0x000000005fffc720
 Begin Bits: [0x0000000012bd0000, 0x0000000014ac8000)
 End Bits:   [0x0000000014ac8000, 0x00000000169c0000)

Polling page: 0x00000000000b0000

CodeCache: size=245760Kb used=11540Kb max_used=11929Kb free=234219Kb
 bounds [0x0000000002af0000, 0x00000000036b0000, 0x0000000011af0000]
 total_blobs=3652 nmethods=3212 adapters=360
 compilation: enabled

Compilation events (10 events):
Event: 76.273 Thread 0x0000000059fa5800 3644       1       org.apache.catalina.LifecycleEvent::getType (5 bytes)
Event: 76.273 Thread 0x0000000059fa5800 nmethod 3644 0x0000000002fbb010 code [0x0000000002fbb160, 0x0000000002fbb270]
Event: 79.095 Thread 0x0000000059fa5800 3645       3       sun.nio.ch.SelectorImpl::select (34 bytes)
Event: 79.095 Thread 0x0000000059fa5800 nmethod 3645 0x0000000002ea4ed0 code [0x0000000002ea5060, 0x0000000002ea5378]
Event: 79.095 Thread 0x0000000059fa5800 3646   !   3       sun.nio.ch.SelectorImpl::lockAndDoSelect (72 bytes)
Event: 79.096 Thread 0x0000000059fa5800 nmethod 3646 0x0000000003620410 code [0x00000000036205e0, 0x0000000003620ff8]
Event: 80.036 Thread 0x0000000059fa5800 3647       3       org.eclipse.jdt.launching.internal.org.objectweb.asm.MethodWriter::visitLookupSwitchInsn (114 bytes)
Event: 80.037 Thread 0x0000000059fa5800 nmethod 3647 0x0000000002c4b510 code [0x0000000002c4b700, 0x0000000002c4bd08]
Event: 80.173 Thread 0x0000000059fa5800 3648       3       sun.nio.ch.WindowsSelectorImpl$FinishLock::checkForException (51 bytes)
Event: 80.174 Thread 0x0000000059fa5800 nmethod 3648 0x000000000325e090 code [0x000000000325e320, 0x000000000325f768]

GC Heap History (10 events):
Event: 3.351 GC heap before
{Heap before GC invocations=6 (full 1):
 PSYoungGen      total 132096K, used 5096K [0x00000000d6b80000, 0x00000000e7580000, 0x0000000100000000)
  eden space 126976K, 0% used [0x00000000d6b80000,0x00000000d6b80000,0x00000000de780000)
  from space 5120K, 99% used [0x00000000de780000,0x00000000dec7a020,0x00000000dec80000)
  to   space 9216K, 0% used [0x00000000e6c80000,0x00000000e6c80000,0x00000000e7580000)
 ParOldGen       total 84992K, used 5762K [0x0000000084200000, 0x0000000089500000, 0x00000000d6b80000)
  object space 84992K, 6% used [0x0000000084200000,0x00000000847a0900,0x0000000089500000)
 Metaspace       used 20947K, capacity 21194K, committed 21248K, reserved 1069056K
  class space    used 2460K, capacity 2536K, committed 2560K, reserved 1048576K
Event: 3.405 GC heap after
Heap after GC invocations=6 (full 1):
 PSYoungGen      total 132096K, used 0K [0x00000000d6b80000, 0x00000000e7580000, 0x0000000100000000)
  eden space 126976K, 0% used [0x00000000d6b80000,0x00000000d6b80000,0x00000000de780000)
  from space 5120K, 0% used [0x00000000de780000,0x00000000de780000,0x00000000dec80000)
  to   space 9216K, 0% used [0x00000000e6c80000,0x00000000e6c80000,0x00000000e7580000)
 ParOldGen       total 47104K, used 6784K [0x0000000084200000, 0x0000000087000000, 0x00000000d6b80000)
  object space 47104K, 14% used [0x0000000084200000,0x00000000848a0238,0x0000000087000000)
 Metaspace       used 20947K, capacity 21194K, committed 21248K, reserved 1069056K
  class space    used 2460K, capacity 2536K, committed 2560K, reserved 1048576K
}
Event: 5.292 GC heap before
{Heap before GC invocations=7 (full 1):
 PSYoungGen      total 132096K, used 126976K [0x00000000d6b80000, 0x00000000e7580000, 0x0000000100000000)
  eden space 126976K, 100% used [0x00000000d6b80000,0x00000000de780000,0x00000000de780000)
  from space 5120K, 0% used [0x00000000de780000,0x00000000de780000,0x00000000dec80000)
  to   space 9216K, 0% used [0x00000000e6c80000,0x00000000e6c80000,0x00000000e7580000)
 ParOldGen       total 47104K, used 6784K [0x0000000084200000, 0x0000000087000000, 0x00000000d6b80000)
  object space 47104K, 14% used [0x0000000084200000,0x00000000848a0238,0x0000000087000000)
 Metaspace       used 25419K, capacity 25716K, committed 25984K, reserved 1073152K
  class space    used 3034K, capacity 3119K, committed 3200K, reserved 1048576K
Event: 5.298 GC heap after
Heap after GC invocations=7 (full 1):
 PSYoungGen      total 236032K, used 6609K [0x00000000d6b80000, 0x00000000e7300000, 0x0000000100000000)
  eden space 229376K, 0% used [0x00000000d6b80000,0x00000000d6b80000,0x00000000e4b80000)
  from space 6656K, 99% used [0x00000000e6c80000,0x00000000e72f4538,0x00000000e7300000)
  to   space 9216K, 0% used [0x00000000e6100000,0x00000000e6100000,0x00000000e6a00000)
 ParOldGen       total 47104K, used 6792K [0x0000000084200000, 0x0000000087000000, 0x00000000d6b80000)
  object space 47104K, 14% used [0x0000000084200000,0x00000000848a2238,0x0000000087000000)
 Metaspace       used 25419K, capacity 25716K, committed 25984K, reserved 1073152K
  class space    used 3034K, capacity 3119K, committed 3200K, reserved 1048576K
}
Event: 7.838 GC heap before
{Heap before GC invocations=8 (full 1):
 PSYoungGen      total 236032K, used 235985K [0x00000000d6b80000, 0x00000000e7300000, 0x0000000100000000)
  eden space 229376K, 100% used [0x00000000d6b80000,0x00000000e4b80000,0x00000000e4b80000)
  from space 6656K, 99% used [0x00000000e6c80000,0x00000000e72f4538,0x00000000e7300000)
  to   space 9216K, 0% used [0x00000000e6100000,0x00000000e6100000,0x00000000e6a00000)
 ParOldGen       total 47104K, used 6792K [0x0000000084200000, 0x0000000087000000, 0x00000000d6b80000)
  object space 47104K, 14% used [0x0000000084200000,0x00000000848a2238,0x0000000087000000)
 Metaspace       used 31140K, capacity 31554K, committed 31744K, reserved 1077248K
  class space    used 3720K, capacity 3832K, committed 3840K, reserved 1048576K
Event: 8.025 GC heap after
Heap after GC invocations=8 (full 1):
 PSYoungGen      total 260608K, used 9209K [0x00000000d6b80000, 0x00000000f1800000, 0x0000000100000000)
  eden space 251392K, 0% used [0x00000000d6b80000,0x00000000d6b80000,0x00000000e6100000)
  from space 9216K, 99% used [0x00000000e6100000,0x00000000e69fe460,0x00000000e6a00000)
  to   space 12288K, 0% used [0x00000000f0c00000,0x00000000f0c00000,0x00000000f1800000)
 ParOldGen       total 47104K, used 10876K [0x0000000084200000, 0x0000000087000000, 0x00000000d6b80000)
  object space 47104K, 23% used [0x0000000084200000,0x0000000084c9f2a0,0x0000000087000000)
 Metaspace       used 31140K, capacity 31554K, committed 31744K, reserved 1077248K
  class space    used 3720K, capacity 3832K, committed 3840K, reserved 1048576K
}
Event: 17.805 GC heap before
{Heap before GC invocations=9 (full 1):
 PSYoungGen      total 260608K, used 94148K [0x00000000d6b80000, 0x00000000f1800000, 0x0000000100000000)
  eden space 251392K, 33% used [0x00000000d6b80000,0x00000000dbe72ed8,0x00000000e6100000)
  from space 9216K, 99% used [0x00000000e6100000,0x00000000e69fe460,0x00000000e6a00000)
  to   space 12288K, 0% used [0x00000000f0c00000,0x00000000f0c00000,0x00000000f1800000)
 ParOldGen       total 47104K, used 10876K [0x0000000084200000, 0x0000000087000000, 0x00000000d6b80000)
  object space 47104K, 23% used [0x0000000084200000,0x0000000084c9f2a0,0x0000000087000000)
 Metaspace       used 34784K, capacity 35210K, committed 35416K, reserved 1081344K
  class space    used 4143K, capacity 4264K, committed 4352K, reserved 1048576K
Event: 17.822 GC heap after
Heap after GC invocations=9 (full 1):
 PSYoungGen      total 425472K, used 10817K [0x00000000d6b80000, 0x00000000f3580000, 0x0000000100000000)
  eden space 413184K, 0% used [0x00000000d6b80000,0x00000000d6b80000,0x00000000eff00000)
  from space 12288K, 88% used [0x00000000f0c00000,0x00000000f16905a8,0x00000000f1800000)
  to   space 13312K, 0% used [0x00000000eff00000,0x00000000eff00000,0x00000000f0c00000)
 ParOldGen       total 47104K, used 10884K [0x0000000084200000, 0x0000000087000000, 0x00000000d6b80000)
  object space 47104K, 23% used [0x0000000084200000,0x0000000084ca12a0,0x0000000087000000)
 Metaspace       used 34784K, capacity 35210K, committed 35416K, reserved 1081344K
  class space    used 4143K, capacity 4264K, committed 4352K, reserved 1048576K
}
Event: 17.822 GC heap before
{Heap before GC invocations=10 (full 2):
 PSYoungGen      total 425472K, used 10817K [0x00000000d6b80000, 0x00000000f3580000, 0x0000000100000000)
  eden space 413184K, 0% used [0x00000000d6b80000,0x00000000d6b80000,0x00000000eff00000)
  from space 12288K, 88% used [0x00000000f0c00000,0x00000000f16905a8,0x00000000f1800000)
  to   space 13312K, 0% used [0x00000000eff00000,0x00000000eff00000,0x00000000f0c00000)
 ParOldGen       total 47104K, used 10884K [0x0000000084200000, 0x0000000087000000, 0x00000000d6b80000)
  object space 47104K, 23% used [0x0000000084200000,0x0000000084ca12a0,0x0000000087000000)
 Metaspace       used 34784K, capacity 35210K, committed 35416K, reserved 1081344K
  class space    used 4143K, capacity 4264K, committed 4352K, reserved 1048576K
Event: 17.924 GC heap after
Heap after GC invocations=10 (full 2):
 PSYoungGen      total 425472K, used 0K [0x00000000d6b80000, 0x00000000f3580000, 0x0000000100000000)
  eden space 413184K, 0% used [0x00000000d6b80000,0x00000000d6b80000,0x00000000eff00000)
  from space 12288K, 0% used [0x00000000f0c00000,0x00000000f0c00000,0x00000000f1800000)
  to   space 13312K, 0% used [0x00000000eff00000,0x00000000eff00000,0x00000000f0c00000)
 ParOldGen       total 64000K, used 15315K [0x0000000084200000, 0x0000000088080000, 0x00000000d6b80000)
  object space 64000K, 23% used [0x0000000084200000,0x00000000850f4c88,0x0000000088080000)
 Metaspace       used 34784K, capacity 35210K, committed 35416K, reserved 1081344K
  class space    used 4143K, capacity 4264K, committed 4352K, reserved 1048576K
}

Deoptimization events (10 events):
Event: 18.064 Thread 0x000000006224d000 Uncommon trap: reason=unhandled action=none pc=0x0000000002d786a8 method=java.net.URLClassLoader.findClass(Ljava/lang/String;)Ljava/lang/Class; @ 44
Event: 18.067 Thread 0x000000006224d000 Uncommon trap: reason=bimorphic action=maybe_recompile pc=0x0000000002d77210 method=java.lang.ClassLoader.loadClass(Ljava/lang/String;Z)Ljava/lang/Class; @ 2
Event: 18.067 Thread 0x000000006224d000 Uncommon trap: reason=bimorphic action=maybe_recompile pc=0x0000000002d77210 method=java.lang.ClassLoader.loadClass(Ljava/lang/String;Z)Ljava/lang/Class; @ 2
Event: 18.072 Thread 0x000000006224d000 Uncommon trap: reason=range_check action=none pc=0x0000000002edcdcc method=sun.reflect.generics.parser.SignatureParser.current()C @ 34
Event: 18.073 Thread 0x000000006224d000 Uncommon trap: reason=range_check action=none pc=0x0000000002edcdcc method=sun.reflect.generics.parser.SignatureParser.current()C @ 34
Event: 18.076 Thread 0x000000006224d000 Uncommon trap: reason=range_check action=none pc=0x0000000002edcdcc method=sun.reflect.generics.parser.SignatureParser.current()C @ 34
Event: 18.076 Thread 0x000000006224d000 Uncommon trap: reason=range_check action=none pc=0x0000000002edcdcc method=sun.reflect.generics.parser.SignatureParser.current()C @ 34
Event: 24.878 Thread 0x000000006224d000 Uncommon trap: reason=unhandled action=none pc=0x0000000003626a90 method=java.net.URLClassLoader.findClass(Ljava/lang/String;)Ljava/lang/Class; @ 44
Event: 24.878 Thread 0x000000006224d000 Uncommon trap: reason=unhandled action=none pc=0x0000000003626b78 method=java.net.URLClassLoader.findClass(Ljava/lang/String;)Ljava/lang/Class; @ 44
Event: 24.879 Thread 0x000000006224d000 Uncommon trap: reason=unhandled action=none pc=0x0000000003626b78 method=java.net.URLClassLoader.findClass(Ljava/lang/String;)Ljava/lang/Class; @ 44

Internal exceptions (10 events):
Event: 17.571 Thread 0x000000005add0000 Exception <a 'java/lang/ArrayIndexOutOfBoundsException': 78> (0x00000000db239760) thrown at [C:\re\workspace\8-2-build-windows-amd64-cygwin\jdk8u131\8869\hotspot\src\share\vm\interpreter\interpreterRuntime.cpp, line 366]
Event: 17.571 Thread 0x000000005add0000 Exception <a 'java/lang/ArrayIndexOutOfBoundsException': 139> (0x00000000db2479a0) thrown at [C:\re\workspace\8-2-build-windows-amd64-cygwin\jdk8u131\8869\hotspot\src\share\vm\interpreter\interpreterRuntime.cpp, line 366]
Event: 17.571 Thread 0x000000005add0000 Exception <a 'java/lang/ArrayIndexOutOfBoundsException': 92> (0x00000000db249280) thrown at [C:\re\workspace\8-2-build-windows-amd64-cygwin\jdk8u131\8869\hotspot\src\share\vm\interpreter\interpreterRuntime.cpp, line 366]
Event: 17.572 Thread 0x000000005add0000 Exception <a 'java/lang/ArrayIndexOutOfBoundsException': 67> (0x00000000db255c20) thrown at [C:\re\workspace\8-2-build-windows-amd64-cygwin\jdk8u131\8869\hotspot\src\share\vm\interpreter\interpreterRuntime.cpp, line 366]
Event: 18.062 Thread 0x000000006224d000 Exception <a 'java/lang/ArrayIndexOutOfBoundsException': 55> (0x00000000d7721dc8) thrown at [C:\re\workspace\8-2-build-windows-amd64-cygwin\jdk8u131\8869\hotspot\src\share\vm\interpreter\interpreterRuntime.cpp, line 366]
Event: 18.062 Thread 0x000000006224d000 Exception <a 'java/lang/ArrayIndexOutOfBoundsException': 55> (0x00000000d772d108) thrown at [C:\re\workspace\8-2-build-windows-amd64-cygwin\jdk8u131\8869\hotspot\src\share\vm\interpreter\interpreterRuntime.cpp, line 366]
Event: 18.072 Thread 0x000000006224d000 Exception <a 'java/lang/ArrayIndexOutOfBoundsException': 66> (0x00000000d77d70f0) thrown at [C:\re\workspace\8-2-build-windows-amd64-cygwin\jdk8u131\8869\hotspot\src\share\vm\interpreter\interpreterRuntime.cpp, line 366]
Event: 18.073 Thread 0x000000006224d000 Exception <a 'java/lang/ArrayIndexOutOfBoundsException': 66> (0x00000000d77e2e78) thrown at [C:\re\workspace\8-2-build-windows-amd64-cygwin\jdk8u131\8869\hotspot\src\share\vm\interpreter\interpreterRuntime.cpp, line 366]
Event: 18.076 Thread 0x000000006224d000 Exception <a 'java/lang/ArrayIndexOutOfBoundsException': 66> (0x00000000d78398b8) thrown at [C:\re\workspace\8-2-build-windows-amd64-cygwin\jdk8u131\8869\hotspot\src\share\vm\interpreter\interpreterRuntime.cpp, line 366]
Event: 18.076 Thread 0x000000006224d000 Exception <a 'java/lang/ArrayIndexOutOfBoundsException': 66> (0x00000000d78455f8) thrown at [C:\re\workspace\8-2-build-windows-amd64-cygwin\jdk8u131\8869\hotspot\src\share\vm\interpreter\interpreterRuntime.cpp, line 366]

Events (10 events):
Event: 80.206 Executing VM operation: EnterInterpOnlyMode done
Event: 80.212 Executing VM operation: GetCurrentLocation
Event: 80.212 Executing VM operation: GetCurrentLocation done
Event: 80.212 Executing VM operation: ChangeSingleStep
Event: 80.212 Executing VM operation: ChangeSingleStep done
Event: 80.214 Executing VM operation: GetOrSetLocal
Event: 80.214 Executing VM operation: GetOrSetLocal done
Event: 80.215 Executing VM operation: ChangeSingleStep
Event: 80.215 Executing VM operation: ChangeSingleStep done
Event: 80.259 Executing VM operation: GetOrSetLocal


Dynamic libraries:
0x000000013f470000 - 0x000000013f4a7000 	D:\Program Files\Java\jdk1.8.0_131\bin\javaw.exe
0x00000000776c0000 - 0x000000007785f000 	C:\Windows\SYSTEM32\ntdll.dll
0x00000000775a0000 - 0x00000000776bf000 	C:\Windows\system32\kernel32.dll
0x000007fefd560000 - 0x000007fefd5c7000 	C:\Windows\system32\KERNELBASE.dll
0x000007fefdb40000 - 0x000007fefdc1b000 	C:\Windows\system32\ADVAPI32.dll
0x000007fefd700000 - 0x000007fefd79f000 	C:\Windows\system32\msvcrt.dll
0x000007feff450000 - 0x000007feff46f000 	C:\Windows\SYSTEM32\sechost.dll
0x000007fefdca0000 - 0x000007fefddcc000 	C:\Windows\system32\RPCRT4.dll
0x00000000774a0000 - 0x000000007759b000 	C:\Windows\system32\USER32.dll
0x000007fefec70000 - 0x000007fefecd7000 	C:\Windows\system32\GDI32.dll
0x000007feff470000 - 0x000007feff47e000 	C:\Windows\system32\LPK.dll
0x000007fefd5d0000 - 0x000007fefd69b000 	C:\Windows\system32\USP10.dll
0x000007fefb7b0000 - 0x000007fefb9a5000 	C:\Windows\WinSxS\amd64_microsoft.windows.common-controls_6595b64144ccf1df_6.0.7601.24483_none_e372d88f30fbb845\COMCTL32.dll
0x000007fefdc20000 - 0x000007fefdc91000 	C:\Windows\system32\SHLWAPI.dll
0x000007feff930000 - 0x000007feff95e000 	C:\Windows\system32\IMM32.DLL
0x000007fefddd0000 - 0x000007fefdedb000 	C:\Windows\system32\MSCTF.dll
0x0000000073870000 - 0x0000000073942000 	D:\Program Files\Java\jdk1.8.0_131\jre\bin\msvcr100.dll
0x000000005f7e0000 - 0x000000006007c000 	D:\Program Files\Java\jdk1.8.0_131\jre\bin\server\jvm.dll
0x000007fefa780000 - 0x000007fefa789000 	C:\Windows\system32\WSOCK32.dll
0x000007feff960000 - 0x000007feff9ad000 	C:\Windows\system32\WS2_32.dll
0x000007fefd7a0000 - 0x000007fefd7a8000 	C:\Windows\system32\NSI.dll
0x000007fefadb0000 - 0x000007fefadeb000 	C:\Windows\system32\WINMM.dll
0x000007fefc2f0000 - 0x000007fefc2fc000 	C:\Windows\system32\VERSION.dll
0x0000000077870000 - 0x0000000077877000 	C:\Windows\system32\PSAPI.DLL
0x0000000073c90000 - 0x0000000073c9f000 	D:\Program Files\Java\jdk1.8.0_131\jre\bin\verify.dll
0x0000000073c60000 - 0x0000000073c89000 	D:\Program Files\Java\jdk1.8.0_131\jre\bin\java.dll
0x0000000073b60000 - 0x0000000073b95000 	D:\Program Files\Java\jdk1.8.0_131\jre\bin\jdwp.dll
0x0000000073ca0000 - 0x0000000073ca8000 	D:\Program Files\Java\jdk1.8.0_131\jre\bin\npt.dll
0x0000000073c30000 - 0x0000000073c53000 	D:\Program Files\Java\jdk1.8.0_131\jre\bin\instrument.dll
0x0000000073c00000 - 0x0000000073c16000 	D:\Program Files\Java\jdk1.8.0_131\jre\bin\zip.dll
0x000007fefdee0000 - 0x000007fefec6b000 	C:\Windows\system32\SHELL32.dll
0x000007fefd7b0000 - 0x000007fefd9af000 	C:\Windows\system32\ole32.dll
0x000007fefd220000 - 0x000007fefd22f000 	C:\Windows\system32\profapi.dll
0x0000000073bf0000 - 0x0000000073bf9000 	D:\Program Files\Java\jdk1.8.0_131\jre\bin\dt_socket.dll
0x000007fefb090000 - 0x000007fefb0a5000 	C:\Windows\system32\NLAapi.dll
0x000007fef88c0000 - 0x000007fef88d5000 	C:\Windows\system32\napinsp.dll
0x000007fef88a0000 - 0x000007fef88b9000 	C:\Windows\system32\pnrpnsp.dll
0x000007fef8890000 - 0x000007fef88a0000 	C:\Windows\system32\wshbth.dll
0x000007fefc990000 - 0x000007fefc9e5000 	C:\Windows\System32\mswsock.dll
0x000007fefc810000 - 0x000007fefc86b000 	C:\Windows\system32\DNSAPI.dll
0x000007fef8880000 - 0x000007fef888b000 	C:\Windows\System32\winrnr.dll
0x000007fefae20000 - 0x000007fefae47000 	C:\Windows\system32\IPHLPAPI.DLL
0x000007fefae10000 - 0x000007fefae1b000 	C:\Windows\system32\WINNSI.DLL
0x000007fefa160000 - 0x000007fefa1b3000 	C:\Windows\System32\fwpuclnt.dll
0x000007fef93c0000 - 0x000007fef93c8000 	C:\Windows\system32\rasadhlp.dll
0x000007fefc3c0000 - 0x000007fefc3c7000 	C:\Windows\System32\wshtcpip.dll
0x0000000073b50000 - 0x0000000073b5d000 	D:\Program Files\Java\jdk1.8.0_131\jre\bin\management.dll
0x0000000073b20000 - 0x0000000073b3a000 	D:\Program Files\Java\jdk1.8.0_131\jre\bin\net.dll
0x000007fefc980000 - 0x000007fefc987000 	C:\Windows\System32\wship6.dll
0x0000000073a10000 - 0x0000000073a21000 	D:\Program Files\Java\jdk1.8.0_131\jre\bin\nio.dll
0x000007fefc9f0000 - 0x000007fefca08000 	C:\Windows\system32\CRYPTSP.dll
0x000007fefc6f0000 - 0x000007fefc737000 	C:\Windows\system32\rsaenh.dll
0x000007fefd540000 - 0x000007fefd55f000 	C:\Windows\system32\USERENV.dll
0x000007fefd0b0000 - 0x000007fefd0bf000 	C:\Windows\system32\CRYPTBASE.dll
0x000007fef9f90000 - 0x000007fef9fa8000 	C:\Windows\system32\dhcpcsvc.DLL
0x000007fef9f70000 - 0x000007fef9f81000 	C:\Windows\system32\dhcpcsvc6.DLL
0x000007fefd050000 - 0x000007fefd0a7000 	C:\Windows\system32\apphelp.dll

VM Arguments:
jvm_args: -agentlib:jdwp=transport=dt_socket,suspend=y,address=localhost:52265 -javaagent:D:\Program Files\eclipse\java-2018-12\eclipse\configuration\org.eclipse.osgi\221\0\.cp\lib\javaagent-shaded.jar -Dfile.encoding=UTF-8 
java_command: com.example.demo.Pf2NewApplication
java_class_path (initial): E:\GitHub\PF\PF2-web1-bidirectional-transform-lsp\backend\target\classes;E:\GitHub\PF\PF2-web1-bidirectional-transform-lsp\backend\lib\collection-0.7.jar;E:\GitHub\PF\PF2-web1-bidirectional-transform-lsp\backend\lib\commons-cli-1.4.jar;E:\GitHub\PF\PF2-web1-bidirectional-transform-lsp\backend\lib\commons-codec-1.11.jar;E:\GitHub\PF\PF2-web1-bidirectional-transform-lsp\backend\lib\commons-compress-1.18.jar;E:\GitHub\PF\PF2-web1-bidirectional-transform-lsp\backend\lib\commons-csv-1.5.jar;E:\GitHub\PF\PF2-web1-bidirectional-transform-lsp\backend\lib\commons-io-2.6.jar;E:\GitHub\PF\PF2-web1-bidirectional-transform-lsp\backend\lib\commons-lang3-3.4.jar;E:\GitHub\PF\PF2-web1-bidirectional-transform-lsp\backend\lib\httpclient-4.5.5.jar;E:\GitHub\PF\PF2-web1-bidirectional-transform-lsp\backend\lib\httpclient-cache-4.5.5.jar;E:\GitHub\PF\PF2-web1-bidirectional-transform-lsp\backend\lib\httpcore-4.4.9.jar;E:\GitHub\PF\PF2-web1-bidirectional-transform-lsp\backend\lib\jackson-annotations-2.9.0.jar;E:\GitHub\PF\PF2-web1-bidirectional-transform-lsp\backend\lib\jackson-core-2.9.9.jar;E:\GitHub\PF\PF2-web1-bidirectional-transform-lsp\backend\lib\jackson-databind-2.9.9.jar;E:\GitHub\PF\PF2-web1-bidirectional-transform-lsp\backend\lib\jcl-over-slf4j-1.7.26.jar;E:\GitHub\PF\PF2-web1-bidirectional-transform-lsp\backend\lib\jena-arq-3.12.0.jar;E:\GitHub\PF\PF2-web1-bidirectional-transform-lsp\backend\lib\jena-base-3.12.0.jar;E:\GitHub\PF\PF2-web1-bidirectional-transform-lsp\backend\lib\jena-cmds-3.12.0.jar;E:\GitHub\PF\PF2-web1-bidirectional-transform-lsp\backend\lib\jena-core-3.12.0.jar;E:\GitHub\PF\PF2-web1-bidirectional-transform-lsp\backend\lib\jena-dboe-base-3.12.0.jar;E:\GitHub\PF\PF2-web1-bidirectional-transform-lsp\backend\lib\jena-dboe-index-3.12.0.jar;E:\GitHub\PF\PF2-web1-bidirectional-transform-lsp\backend\lib\jena-dboe-trans-data-3.12.0.jar;E:\GitHub\PF\PF2-web1-bidirectional-transform-lsp\backend\lib\jena-dboe-transaction-3.12.0.jar;E:\GitHub\P
Launcher Type: SUN_STANDARD

Environment Variables:
JAVA_HOME=D:\Program Files\Java\jdk8
CLASSPATH=.;D:\Program Files\Java\jdk8\lib;D:\Program Files\Java\jdk8\lib\tools.jar
PATH=D:\Program Files\Java\jdk1.8.0_131\jre\bin;D:/Program Files/Java/jdk8/bin/../jre/bin/server;D:/Program Files/Java/jdk8/bin/../jre/bin;D:/Program Files/Java/jdk8/bin/../jre/lib/amd64;D:\Program Files\npm;D:\Program Files\NetSarang\Xshell 6\;D:\Program Files\NetSarang\Xftp 6\;D:\Program Files\Java\jdk8\bin;D:\Program Files\Java\jdk8\jre\bin;C:\ProgramData\Oracle\Java\javapath;D:\Program Files\python\Python27;D:\Program Files\python\Python27\Scripts;D:\ProgramData\Anaconda3;D:\ProgramData\Anaconda3\Library\mingw-w64\bin;D:\ProgramData\Anaconda3\Library\usr\bin;D:\ProgramData\Anaconda3\Library\bin;D:\ProgramData\Anaconda3\Scripts;D:\Program Files\mysql-5.7.18-winx64\bin;C:\Windows\system32;C:\Windows;C:\Windows\System32\Wbem;C:\Windows\System32\WindowsPowerShell\v1.0\;D:\Program Files\apache-maven-3.6.3\bin;D:\Program Files\fossil-w64-2.10;C:\ProgramData\chocolatey\bin;C:\Users\zmy\.gradle\wrapper\dists\gradle-3.3-bin\64bhckfm0iuu9gap9hg3r7ev2\gradle-3.3\bin;E:\gumtree-2.1.3-SNAPSHOT\bin;C:\Users\zmy\.windows-build-tools\python27\;C:\Users\zmy\AppData\Local\GitHubDesktop\bin;C:\Users\zmy\AppData\Roaming\nvm;D:\Program Files\nodejs;D:\Program Files\eclipse\java-2018-12\eclipse;
USERNAME=zmy
OS=Windows_NT
PROCESSOR_IDENTIFIER=Intel64 Family 6 Model 61 Stepping 4, GenuineIntel



---------------  S Y S T E M  ---------------

OS: Windows 7 , 64 bit Build 7601 (6.1.7601.24545)

CPU:total 4 (initial active 4) (2 cores per cpu, 2 threads per core) family 6 model 61 stepping 4, cmov, cx8, fxsr, mmx, sse, sse2, sse3, ssse3, sse4.1, sse4.2, popcnt, avx, avx2, aes, clmul, erms, 3dnowpref, lzcnt, ht, tsc, tscinvbit, bmi1, bmi2, adx

Memory: 4k page, physical 8116408k(1707744k free), swap 16230916k(8739884k free)

vm_info: Java HotSpot(TM) 64-Bit Server VM (25.131-b11) for windows-amd64 JRE (1.8.0_131-b11), built on Mar 15 2017 01:23:53 by "java_re" with MS VC++ 10.0 (VS2010)

time: Mon Feb 24 11:48:54 2020
elapsed time: 80 seconds (0d 0h 1m 20s)

